2026-05-01 17:09:04,177 - INFO - Iniciando carga. Log: e:\Documentos\Facu\2026\ADE\ADE2026_TpiUniversidad\TP2\ETL_CargaInicial\logs\carga_staging_20260501_170904.log
2026-05-01 17:09:18,421 - INFO - Iniciando carga. Log: e:\Documentos\Facu\2026\ADE\ADE2026_TpiUniversidad\TP2\ETL_CargaInicial\logs\carga_staging_20260501_170918.log
2026-05-01 17:09:18,445 - INFO - Iniciando proceso de carga
2026-05-01 17:09:18,523 - INFO - TRUNCATE ejecutado en stg_estudiante
2026-05-01 17:09:23,559 - INFO - Cargados 130000 registros en stg_estudiante
2026-05-01 17:09:23,606 - INFO - TRUNCATE ejecutado en stg_docente
2026-05-01 17:09:23,617 - INFO - Cargados 40 registros en stg_docente
2026-05-01 17:09:23,650 - INFO - TRUNCATE ejecutado en stg_dictado
2026-05-01 17:09:23,742 - INFO - Cargados 2261 registros en stg_dictado
2026-05-01 17:09:23,784 - INFO - TRUNCATE ejecutado en stg_inscripcion
2026-05-01 17:09:50,108 - INFO - Cargados 1003413 registros en stg_inscripcion
2026-05-01 17:09:50,169 - INFO - TRUNCATE ejecutado en stg_examen
2026-05-01 17:10:14,627 - INFO - Cargados 890389 registros en stg_examen
2026-05-01 17:10:14,694 - INFO - TRUNCATE ejecutado en stg_evaluacion_curso
2026-05-01 17:10:14,941 - INFO - Cargados 8360 registros en stg_evaluacion_curso
2026-05-01 17:10:14,973 - INFO - TRUNCATE ejecutado en stg_facultad
2026-05-01 17:10:14,982 - INFO - Cargados 25 registros en stg_facultad
2026-05-01 17:10:15,015 - INFO - TRUNCATE ejecutado en stg_departamento
2026-05-01 17:10:15,023 - INFO - Cargados 58 registros en stg_departamento
2026-05-01 17:10:15,054 - INFO - TRUNCATE ejecutado en stg_programa
2026-05-01 17:10:15,063 - INFO - Cargados 50 registros en stg_programa
2026-05-01 17:10:15,095 - INFO - TRUNCATE ejecutado en stg_curso
2026-05-01 17:10:15,105 - INFO - Cargados 45 registros en stg_curso
2026-05-01 17:10:15,142 - INFO - TRUNCATE ejecutado en stg_curso_programa
2026-05-01 17:10:15,170 - INFO - Cargados 694 registros en stg_curso_programa
2026-05-01 17:10:15,171 - INFO - Carga completada exitosamente
2026-05-01 17:10:16,505 - INFO - Validaci¾n post-carga completada
2026-05-01 17:13:52,769 - INFO - Iniciando carga. Log: e:\Documentos\Facu\2026\ADE\ADE2026_TpiUniversidad\TP2\ETL_CargaInicial\logs\carga_staging_20260501_171352.log
2026-05-01 17:13:52,792 - INFO - Iniciando proceso de carga
2026-05-01 17:13:52,793 - INFO - Procesando estudiante.csv -> stg_estudiante
2026-05-01 17:13:52,863 - INFO - TRUNCATE ejecutado en stg_estudiante
2026-05-01 17:13:57,830 - INFO - Cargados 130000 registros en stg_estudiante
2026-05-01 17:13:57,838 - INFO - Procesando docente.csv -> stg_docente
2026-05-01 17:13:57,863 - INFO - TRUNCATE ejecutado en stg_docente
2026-05-01 17:13:57,874 - INFO - Cargados 40 registros en stg_docente
2026-05-01 17:13:57,875 - INFO - Procesando dictado.csv -> stg_dictado
2026-05-01 17:13:57,904 - INFO - TRUNCATE ejecutado en stg_dictado
2026-05-01 17:13:57,987 - INFO - Cargados 2261 registros en stg_dictado
2026-05-01 17:13:57,988 - INFO - Procesando inscripcion.csv -> stg_inscripcion
2026-05-01 17:13:58,017 - INFO - TRUNCATE ejecutado en stg_inscripcion
2026-05-01 17:14:25,865 - INFO - Cargados 1003413 registros en stg_inscripcion
2026-05-01 17:14:25,927 - INFO - Procesando examen.csv -> stg_examen
2026-05-01 17:14:25,958 - INFO - TRUNCATE ejecutado en stg_examen
2026-05-01 17:14:49,759 - INFO - Cargados 890389 registros en stg_examen
2026-05-01 17:14:49,783 - INFO - Procesando evaluacion_curso.csv -> stg_evaluacion_curso
2026-05-01 17:14:49,834 - INFO - TRUNCATE ejecutado en stg_evaluacion_curso
2026-05-01 17:14:50,179 - INFO - Cargados 8360 registros en stg_evaluacion_curso
2026-05-01 17:14:50,180 - INFO - Procesando facultad.csv -> stg_facultad
2026-05-01 17:14:50,344 - INFO - TRUNCATE ejecutado en stg_facultad
2026-05-01 17:14:50,353 - INFO - Cargados 25 registros en stg_facultad
2026-05-01 17:14:50,354 - INFO - Procesando departamento.csv -> stg_departamento
2026-05-01 17:14:50,396 - INFO - TRUNCATE ejecutado en stg_departamento
2026-05-01 17:14:50,406 - INFO - Cargados 58 registros en stg_departamento
2026-05-01 17:14:50,407 - INFO - Procesando programa.csv -> stg_programa
2026-05-01 17:14:50,441 - INFO - TRUNCATE ejecutado en stg_programa
2026-05-01 17:14:50,450 - INFO - Cargados 50 registros en stg_programa
2026-05-01 17:14:50,451 - INFO - Procesando curso.csv -> stg_curso
2026-05-01 17:14:50,635 - INFO - TRUNCATE ejecutado en stg_curso
2026-05-01 17:14:50,645 - INFO - Cargados 45 registros en stg_curso
2026-05-01 17:14:50,646 - INFO - Procesando curso_programa.csv -> stg_curso_programa
2026-05-01 17:14:50,684 - INFO - TRUNCATE ejecutado en stg_curso_programa
2026-05-01 17:14:50,707 - INFO - Cargados 694 registros en stg_curso_programa
2026-05-01 17:14:50,709 - INFO - Carga completada exitosamente
2026-05-01 17:14:52,435 - INFO - Validaci¾n post-carga completada
2026-05-01 17:19:36,071 - INFO - Iniciando proceso de carga
2026-05-01 17:19:36,072 - INFO - Procesando estudiante.csv -> stg_estudiante
2026-05-01 17:19:36,108 - INFO - TRUNCATE ejecutado en stg_estudiante
2026-05-01 17:19:40,618 - INFO - Cargados 130000 registros en stg_estudiante
2026-05-01 17:19:40,625 - INFO - Procesando docente.csv -> stg_docente
2026-05-01 17:19:40,651 - INFO - TRUNCATE ejecutado en stg_docente
2026-05-01 17:19:40,660 - INFO - Cargados 40 registros en stg_docente
2026-05-01 17:19:40,661 - INFO - Procesando dictado.csv -> stg_dictado
2026-05-01 17:19:40,689 - INFO - TRUNCATE ejecutado en stg_dictado
2026-05-01 17:19:40,763 - INFO - Cargados 2261 registros en stg_dictado
2026-05-01 17:19:40,764 - INFO - Procesando inscripcion.csv -> stg_inscripcion
2026-05-01 17:19:40,787 - INFO - TRUNCATE ejecutado en stg_inscripcion
2026-05-01 17:20:08,642 - INFO - Cargados 1003413 registros en stg_inscripcion
2026-05-01 17:20:08,664 - INFO - Procesando examen.csv -> stg_examen
2026-05-01 17:20:08,703 - INFO - TRUNCATE ejecutado en stg_examen
2026-05-01 17:20:35,442 - INFO - Cargados 890389 registros en stg_examen
2026-05-01 17:20:35,466 - INFO - Procesando evaluacion_curso.csv -> stg_evaluacion_curso
2026-05-01 17:20:35,497 - INFO - TRUNCATE ejecutado en stg_evaluacion_curso
2026-05-01 17:20:35,728 - INFO - Cargados 8360 registros en stg_evaluacion_curso
2026-05-01 17:20:35,729 - INFO - Procesando facultad.csv -> stg_facultad
2026-05-01 17:20:35,755 - INFO - TRUNCATE ejecutado en stg_facultad
2026-05-01 17:20:35,765 - INFO - Cargados 25 registros en stg_facultad
2026-05-01 17:20:35,766 - INFO - Procesando departamento.csv -> stg_departamento
2026-05-01 17:20:35,789 - INFO - TRUNCATE ejecutado en stg_departamento
2026-05-01 17:20:35,797 - INFO - Cargados 58 registros en stg_departamento
2026-05-01 17:20:35,798 - INFO - Procesando programa.csv -> stg_programa
2026-05-01 17:20:35,825 - INFO - TRUNCATE ejecutado en stg_programa
2026-05-01 17:20:35,834 - INFO - Cargados 50 registros en stg_programa
2026-05-01 17:20:35,835 - INFO - Procesando curso.csv -> stg_curso
2026-05-01 17:20:35,863 - INFO - TRUNCATE ejecutado en stg_curso
2026-05-01 17:20:35,873 - INFO - Cargados 45 registros en stg_curso
2026-05-01 17:20:35,874 - INFO - Procesando curso_programa.csv -> stg_curso_programa
2026-05-01 17:20:35,901 - INFO - TRUNCATE ejecutado en stg_curso_programa
2026-05-01 17:20:35,927 - INFO - Cargados 694 registros en stg_curso_programa
2026-05-01 17:20:35,928 - INFO - Carga completada exitosamente
2026-05-01 17:41:02,965 - INFO - Iniciando carga. Log: e:\Documentos\Facu\2026\ADE\ADE2026_TpiUniversidad\TP2\ETL_CargaInicial\logs\carga_staging_20260501_174102.log
